<?xml version="1.0" encoding="UTF-8"?>
<!-- Generated by org.testng.reporters.JUnitXMLReporter -->
<testsuite hostname="DESKTOP-0F3LVEP" ignored="0" name="Test1" tests="12" failures="1" timestamp="19 Jul 2017 00:55:34 GMT" time="25.514" errors="0">
  <testcase name="createStudentProfile" time="0.001" classname="testNGPckage.Annotations2"/>
  <testcase name="test" time="0.001" classname="testNGPckage.Annotations2"/>
  <testcase name="test2" time="14.203" classname="testNGPckage.Assertions">
    <failure type="java.lang.AssertionError" message="Expected text is not matching expected [practiceScripts.BookFlight@2af004b] but found [practiceScripts.BookFlight@248e319b]">
      <![CDATA[java.lang.AssertionError: Expected text is not matching expected [practiceScripts.BookFlight@2af004b] but found [practiceScripts.BookFlight@248e319b]
	at testNGPckage.Assertions.test2(Assertions.java:64)
... Removed 31 stack frames]]>
    </failure>
  </testcase> <!-- test2 -->
  <testcase name="bookingFlight" time="11.244" classname="testNGPckage.Reporting"/>
  <testcase name="login" time="0.0" classname="testNGPckage.TestDataProvider"/>
  <testcase name="login" time="0.0" classname="testNGPckage.TestDataProvider"/>
  <testcase name="login" time="0.0" classname="testNGPckage.TestDataProvider"/>
  <testcase name="atest2" time="0.0" classname="testNGPckage.TestNgAnnotations"/>
  <testcase name="test1" time="0.0" classname="testNGPckage.TestNgAnnotations"/>
  <testcase name="test3" time="0.0" classname="testNGPckage.TestNgAnnotations"/>
  <testcase name="editStudentProfile" time="0.001" classname="testNGPckage.Annotations2"/>
  <testcase name="search" time="0.0" classname="testNGPckage.Annotations2"/>
</testsuite> <!-- Test1 -->
