<?xml version="1.0" encoding="UTF-8"?>
<testng-results skipped="0" failed="1" ignored="0" total="12" passed="11">
  <reporter-output>
  </reporter-output>
  <suite name="Suite" duration-ms="25514" started-at="2017-07-19T00:55:09Z" finished-at="2017-07-19T00:55:34Z">
    <groups>
      <group name="Sanity">
        <method signature="TestNgAnnotations.test3()[pri:0, instance:testNGPckage.TestNgAnnotations@3567135c]" name="test3" class="testNGPckage.TestNgAnnotations"/>
      </group> <!-- Sanity -->
      <group name="Module1">
        <method signature="Annotations2.createStudentProfile()[pri:0, instance:testNGPckage.Annotations2@6be46e8f]" name="createStudentProfile" class="testNGPckage.Annotations2"/>
        <method signature="TestNgAnnotations.test1()[pri:0, instance:testNGPckage.TestNgAnnotations@3567135c]" name="test1" class="testNGPckage.TestNgAnnotations"/>
        <method signature="TestNgAnnotations.test3()[pri:0, instance:testNGPckage.TestNgAnnotations@3567135c]" name="test3" class="testNGPckage.TestNgAnnotations"/>
      </group> <!-- Module1 -->
      <group name="Module2">
        <method signature="Annotations2.editStudentProfile()[pri:0, instance:testNGPckage.Annotations2@6be46e8f]" name="editStudentProfile" class="testNGPckage.Annotations2"/>
        <method signature="Annotations2.test()[pri:0, instance:testNGPckage.Annotations2@6be46e8f]" name="test" class="testNGPckage.Annotations2"/>
        <method signature="TestNgAnnotations.atest2()[pri:0, instance:testNGPckage.TestNgAnnotations@3567135c]" name="atest2" class="testNGPckage.TestNgAnnotations"/>
      </group> <!-- Module2 -->
      <group name="Regression">
        <method signature="TestNgAnnotations.atest2()[pri:0, instance:testNGPckage.TestNgAnnotations@3567135c]" name="atest2" class="testNGPckage.TestNgAnnotations"/>
        <method signature="TestNgAnnotations.test1()[pri:0, instance:testNGPckage.TestNgAnnotations@3567135c]" name="test1" class="testNGPckage.TestNgAnnotations"/>
      </group> <!-- Regression -->
    </groups>
    <test name="Test1" duration-ms="25514" started-at="2017-07-19T00:55:09Z" finished-at="2017-07-19T00:55:34Z">
      <class name="testNGPckage.TestDataProvider">
        <test-method status="PASS" signature="login(java.lang.String, java.lang.String)[pri:0, instance:testNGPckage.TestDataProvider@47f6473]" name="login" duration-ms="0" started-at="2017-07-19T06:25:34Z" data-provider="dataManagement" finished-at="2017-07-19T06:25:34Z">
          <params>
            <param index="0">
              <value>
                <![CDATA[shekar]]>
              </value>
            </param>
            <param index="1">
              <value>
                <![CDATA[password]]>
              </value>
            </param>
          </params>
          <reporter-output>
          </reporter-output>
        </test-method> <!-- login -->
        <test-method status="PASS" signature="login(java.lang.String, java.lang.String)[pri:0, instance:testNGPckage.TestDataProvider@47f6473]" name="login" duration-ms="0" started-at="2017-07-19T06:25:34Z" data-provider="dataManagement" finished-at="2017-07-19T06:25:34Z">
          <params>
            <param index="0">
              <value>
                <![CDATA[shekar1]]>
              </value>
            </param>
            <param index="1">
              <value>
                <![CDATA[password1]]>
              </value>
            </param>
          </params>
          <reporter-output>
          </reporter-output>
        </test-method> <!-- login -->
        <test-method status="PASS" signature="login(java.lang.String, java.lang.String)[pri:0, instance:testNGPckage.TestDataProvider@47f6473]" name="login" duration-ms="0" started-at="2017-07-19T06:25:34Z" data-provider="dataManagement" finished-at="2017-07-19T06:25:34Z">
          <params>
            <param index="0">
              <value>
                <![CDATA[shekar1]]>
              </value>
            </param>
            <param index="1">
              <value>
                <![CDATA[password1]]>
              </value>
            </param>
          </params>
          <reporter-output>
          </reporter-output>
        </test-method> <!-- login -->
      </class> <!-- testNGPckage.TestDataProvider -->
      <class name="testNGPckage.TestNgAnnotations">
        <test-method status="PASS" signature="beforeGroups()[pri:0, instance:testNGPckage.TestNgAnnotations@3567135c]" name="beforeGroups" is-config="true" duration-ms="1" started-at="2017-07-19T06:25:09Z" finished-at="2017-07-19T06:25:09Z">
          <reporter-output>
          </reporter-output>
        </test-method> <!-- beforeGroups -->
        <test-method status="PASS" signature="beforeClass()[pri:0, instance:testNGPckage.TestNgAnnotations@3567135c]" name="beforeClass" is-config="true" duration-ms="1" started-at="2017-07-19T06:25:34Z" finished-at="2017-07-19T06:25:34Z">
          <reporter-output>
          </reporter-output>
        </test-method> <!-- beforeClass -->
        <test-method status="PASS" signature="beforeMethod()[pri:0, instance:testNGPckage.TestNgAnnotations@3567135c]" name="beforeMethod" is-config="true" duration-ms="1" started-at="2017-07-19T06:25:34Z" finished-at="2017-07-19T06:25:34Z">
          <reporter-output>
          </reporter-output>
        </test-method> <!-- beforeMethod -->
        <test-method status="PASS" signature="afterMethod()[pri:0, instance:testNGPckage.TestNgAnnotations@3567135c]" name="afterMethod" is-config="true" duration-ms="1" started-at="2017-07-19T06:25:34Z" finished-at="2017-07-19T06:25:34Z">
          <reporter-output>
          </reporter-output>
        </test-method> <!-- afterMethod -->
        <test-method status="PASS" signature="atest2()[pri:0, instance:testNGPckage.TestNgAnnotations@3567135c]" name="atest2" duration-ms="0" started-at="2017-07-19T06:25:34Z" finished-at="2017-07-19T06:25:34Z">
          <reporter-output>
          </reporter-output>
        </test-method> <!-- atest2 -->
        <test-method status="PASS" signature="beforeMethod()[pri:0, instance:testNGPckage.TestNgAnnotations@3567135c]" name="beforeMethod" is-config="true" duration-ms="0" started-at="2017-07-19T06:25:34Z" finished-at="2017-07-19T06:25:34Z">
          <reporter-output>
          </reporter-output>
        </test-method> <!-- beforeMethod -->
        <test-method status="PASS" signature="test1()[pri:0, instance:testNGPckage.TestNgAnnotations@3567135c]" name="test1" duration-ms="0" started-at="2017-07-19T06:25:34Z" finished-at="2017-07-19T06:25:34Z">
          <reporter-output>
          </reporter-output>
        </test-method> <!-- test1 -->
        <test-method status="PASS" signature="afterMethod()[pri:0, instance:testNGPckage.TestNgAnnotations@3567135c]" name="afterMethod" is-config="true" duration-ms="0" started-at="2017-07-19T06:25:34Z" finished-at="2017-07-19T06:25:34Z">
          <reporter-output>
          </reporter-output>
        </test-method> <!-- afterMethod -->
        <test-method status="PASS" signature="test3()[pri:0, instance:testNGPckage.TestNgAnnotations@3567135c]" name="test3" duration-ms="0" started-at="2017-07-19T06:25:34Z" finished-at="2017-07-19T06:25:34Z">
          <reporter-output>
          </reporter-output>
        </test-method> <!-- test3 -->
        <test-method status="PASS" signature="beforeMethod()[pri:0, instance:testNGPckage.TestNgAnnotations@3567135c]" name="beforeMethod" is-config="true" duration-ms="0" started-at="2017-07-19T06:25:34Z" finished-at="2017-07-19T06:25:34Z">
          <reporter-output>
          </reporter-output>
        </test-method> <!-- beforeMethod -->
        <test-method status="PASS" signature="afterMethod()[pri:0, instance:testNGPckage.TestNgAnnotations@3567135c]" name="afterMethod" is-config="true" duration-ms="0" started-at="2017-07-19T06:25:34Z" finished-at="2017-07-19T06:25:34Z">
          <reporter-output>
          </reporter-output>
        </test-method> <!-- afterMethod -->
        <test-method status="PASS" signature="afterClass()[pri:0, instance:testNGPckage.TestNgAnnotations@3567135c]" name="afterClass" is-config="true" duration-ms="0" started-at="2017-07-19T06:25:34Z" finished-at="2017-07-19T06:25:34Z">
          <reporter-output>
          </reporter-output>
        </test-method> <!-- afterClass -->
      </class> <!-- testNGPckage.TestNgAnnotations -->
      <class name="testNGPckage.Annotations2">
        <test-method status="PASS" signature="beforeSuite()[pri:0, instance:testNGPckage.Annotations2@6be46e8f]" name="beforeSuite" is-config="true" duration-ms="21" started-at="2017-07-19T06:25:09Z" finished-at="2017-07-19T06:25:09Z">
          <reporter-output>
          </reporter-output>
        </test-method> <!-- beforeSuite -->
        <test-method status="PASS" signature="beforeTest()[pri:0, instance:testNGPckage.Annotations2@6be46e8f]" name="beforeTest" is-config="true" duration-ms="2" started-at="2017-07-19T06:25:09Z" finished-at="2017-07-19T06:25:09Z">
          <reporter-output>
          </reporter-output>
        </test-method> <!-- beforeTest -->
        <test-method status="PASS" signature="createStudentProfile()[pri:0, instance:testNGPckage.Annotations2@6be46e8f]" name="createStudentProfile" duration-ms="1" started-at="2017-07-19T06:25:09Z" finished-at="2017-07-19T06:25:09Z">
          <reporter-output>
          </reporter-output>
        </test-method> <!-- createStudentProfile -->
        <test-method status="PASS" signature="test()[pri:0, instance:testNGPckage.Annotations2@6be46e8f]" name="test" duration-ms="1" started-at="2017-07-19T06:25:09Z" finished-at="2017-07-19T06:25:09Z">
          <reporter-output>
          </reporter-output>
        </test-method> <!-- test -->
        <test-method status="PASS" signature="editStudentProfile()[pri:0, instance:testNGPckage.Annotations2@6be46e8f]" name="editStudentProfile" duration-ms="1" started-at="2017-07-19T06:25:34Z" depends-on-methods="testNGPckage.Annotations2.createStudentProfile" finished-at="2017-07-19T06:25:34Z">
          <reporter-output>
          </reporter-output>
        </test-method> <!-- editStudentProfile -->
        <test-method status="PASS" signature="search()[pri:0, instance:testNGPckage.Annotations2@6be46e8f]" name="search" duration-ms="0" depends-on-groups="Module2" started-at="2017-07-19T06:25:34Z" finished-at="2017-07-19T06:25:34Z">
          <reporter-output>
          </reporter-output>
        </test-method> <!-- search -->
        <test-method status="PASS" signature="afterTest()[pri:0, instance:testNGPckage.Annotations2@6be46e8f]" name="afterTest" is-config="true" duration-ms="0" started-at="2017-07-19T06:25:34Z" finished-at="2017-07-19T06:25:34Z">
          <reporter-output>
          </reporter-output>
        </test-method> <!-- afterTest -->
        <test-method status="PASS" signature="afterSuite()[pri:0, instance:testNGPckage.Annotations2@6be46e8f]" name="afterSuite" is-config="true" duration-ms="1" started-at="2017-07-19T06:25:34Z" finished-at="2017-07-19T06:25:34Z">
          <reporter-output>
          </reporter-output>
        </test-method> <!-- afterSuite -->
      </class> <!-- testNGPckage.Annotations2 -->
      <class name="testNGPckage.Assertions">
        <test-method status="FAIL" signature="test2()[pri:0, instance:testNGPckage.Assertions@4157f54e]" name="test2" duration-ms="14203" started-at="2017-07-19T06:25:09Z" finished-at="2017-07-19T06:25:23Z">
          <exception class="java.lang.AssertionError">
            <message>
              <![CDATA[Expected text is not matching expected [practiceScripts.BookFlight@2af004b] but found [practiceScripts.BookFlight@248e319b]]]>
            </message>
            <full-stacktrace>
              <![CDATA[java.lang.AssertionError: Expected text is not matching expected [practiceScripts.BookFlight@2af004b] but found [practiceScripts.BookFlight@248e319b]
	at org.testng.Assert.fail(Assert.java:94)
	at org.testng.Assert.failNotSame(Assert.java:509)
	at org.testng.Assert.assertSame(Assert.java:460)
	at testNGPckage.Assertions.test2(Assertions.java:64)
	at sun.reflect.NativeMethodAccessorImpl.invoke0(Native Method)
	at sun.reflect.NativeMethodAccessorImpl.invoke(NativeMethodAccessorImpl.java:62)
	at sun.reflect.DelegatingMethodAccessorImpl.invoke(DelegatingMethodAccessorImpl.java:43)
	at java.lang.reflect.Method.invoke(Method.java:498)
	at org.testng.internal.MethodInvocationHelper.invokeMethod(MethodInvocationHelper.java:104)
	at org.testng.internal.Invoker.invokeMethod(Invoker.java:645)
	at org.testng.internal.Invoker.invokeTestMethod(Invoker.java:851)
	at org.testng.internal.Invoker.invokeTestMethods(Invoker.java:1177)
	at org.testng.internal.TestMethodWorker.invokeTestMethods(TestMethodWorker.java:129)
	at org.testng.internal.TestMethodWorker.run(TestMethodWorker.java:112)
	at org.testng.TestRunner.privateRun(TestRunner.java:756)
	at org.testng.TestRunner.run(TestRunner.java:610)
	at org.testng.SuiteRunner.runTest(SuiteRunner.java:387)
	at org.testng.SuiteRunner.runSequentially(SuiteRunner.java:382)
	at org.testng.SuiteRunner.privateRun(SuiteRunner.java:340)
	at org.testng.SuiteRunner.run(SuiteRunner.java:289)
	at org.testng.SuiteRunnerWorker.runSuite(SuiteRunnerWorker.java:52)
	at org.testng.SuiteRunnerWorker.run(SuiteRunnerWorker.java:86)
	at org.testng.TestNG.runSuitesSequentially(TestNG.java:1293)
	at org.testng.TestNG.runSuitesLocally(TestNG.java:1218)
	at org.testng.TestNG.runSuites(TestNG.java:1133)
	at org.testng.TestNG.run(TestNG.java:1104)
	at org.apache.maven.surefire.testng.TestNGExecutor.run(TestNGExecutor.java:281)
	at org.apache.maven.surefire.testng.TestNGXmlTestSuite.execute(TestNGXmlTestSuite.java:75)
	at org.apache.maven.surefire.testng.TestNGProvider.invoke(TestNGProvider.java:121)
	at org.apache.maven.surefire.booter.ForkedBooter.invokeProviderInSameClassLoader(ForkedBooter.java:290)
	at org.apache.maven.surefire.booter.ForkedBooter.runSuitesInProcess(ForkedBooter.java:242)
	at org.apache.maven.surefire.booter.ForkedBooter.main(ForkedBooter.java:121)
]]>
            </full-stacktrace>
          </exception> <!-- java.lang.AssertionError -->
          <reporter-output>
          </reporter-output>
        </test-method> <!-- test2 -->
      </class> <!-- testNGPckage.Assertions -->
      <class name="testNGPckage.Reporting">
        <test-method status="PASS" signature="bookingFlight()[pri:0, instance:testNGPckage.Reporting@90f6bfd]" name="bookingFlight" duration-ms="11244" started-at="2017-07-19T06:25:23Z" finished-at="2017-07-19T06:25:34Z">
          <reporter-output>
          </reporter-output>
        </test-method> <!-- bookingFlight -->
      </class> <!-- testNGPckage.Reporting -->
    </test> <!-- Test1 -->
  </suite> <!-- Suite -->
</testng-results>
