-------------------------------------------------------------------------------
Test set: TestSuite
-------------------------------------------------------------------------------
Tests run: 12, Failures: 1, Errors: 0, Skipped: 0, Time elapsed: 26.6 sec <<< FAILURE! - in TestSuite
test2(testNGPckage.Assertions)  Time elapsed: 14.223 sec  <<< FAILURE!
java.lang.AssertionError: Expected text is not matching expected [practiceScripts.BookFlight@2af004b] but found [practiceScripts.BookFlight@248e319b]
	at testNGPckage.Assertions.test2(Assertions.java:64)

